Copyright 1986-2018 Xilinx, Inc. All Rights Reserved.
----------------------------------------------------------------------------------------
| Tool Version : Vivado v.2018.2 (win64) Build 2258646 Thu Jun 14 20:03:12 MDT 2018
| Date         : Sun Oct 19 00:51:23 2025
| Host         : Plup1 running 64-bit major release  (build 9200)
| Command      : report_control_sets -verbose -file Top_Student_control_sets_placed.rpt
| Design       : Top_Student
| Device       : xc7a35t
----------------------------------------------------------------------------------------

Control Set Information

Table of Contents
-----------------
1. Summary
2. Histogram
3. Flip-Flop Distribution
4. Detailed Control Set Information

1. Summary
----------

+----------------------------------------------------------+-------+
|                          Status                          | Count |
+----------------------------------------------------------+-------+
| Number of unique control sets                            |    89 |
| Unused register locations in slices containing registers |   140 |
+----------------------------------------------------------+-------+


2. Histogram
------------

+--------+--------------+
| Fanout | Control Sets |
+--------+--------------+
|      2 |            1 |
|     10 |            2 |
|     12 |            3 |
|     14 |           31 |
|    16+ |           52 |
+--------+--------------+


3. Flip-Flop Distribution
-------------------------

+--------------+-----------------------+------------------------+-----------------+--------------+
| Clock Enable | Synchronous Set/Reset | Asynchronous Set/Reset | Total Registers | Total Slices |
+--------------+-----------------------+------------------------+-----------------+--------------+
| No           | No                    | No                     |             172 |           46 |
| No           | No                    | Yes                    |              16 |            4 |
| No           | Yes                   | No                     |             420 |           71 |
| Yes          | No                    | No                     |            1082 |          260 |
| Yes          | No                    | Yes                    |              52 |           12 |
| Yes          | Yes                   | No                     |             318 |           45 |
+--------------+-----------------------+------------------------+-----------------+--------------+


4. Detailed Control Set Information
-----------------------------------

+----------------+---------------------------------------------------------------------+-------------------------------------------------------------------+------------------+----------------+
|  Clock Signal  |                            Enable Signal                            |                          Set/Reset Signal                         | Slice Load Count | Bel Load Count |
+----------------+---------------------------------------------------------------------+-------------------------------------------------------------------+------------------+----------------+
| ~clk6p25m      |                                                                     |                                                                   |                1 |              2 |
|  clk_IBUF_BUFG | ascii_converter_inst/E[0]                                           | oled_keypad_inst/SS[0]                                            |                1 |             10 |
|  clk_IBUF_BUFG | welcome_mode_module_inst/welcome_drawer_vga_inst/vga_x_d[9]_i_1_n_0 | display_handler_inst/vga_sync_unit/char_code_reg_reg[0]           |                1 |             10 |
|  clk_IBUF_BUFG |                                                                     | display_handler_inst/oled_display_inst/s1_cell_font_col_reg[2][0] |                2 |             12 |
|  clk_IBUF_BUFG |                                                                     | oled_keypad_inst/s2_font_col                                      |                1 |             12 |
|  clk_IBUF_BUFG | welcome_mode_module_inst/welcome_drawer_vga_inst/vga_x_d[9]_i_1_n_0 | display_handler_inst/vga_sync_unit/SR[0]                          |                2 |             12 |
|  clk_IBUF_BUFG | oled_keypad_inst/expression_buffer[3][7]_i_1_n_0                    |                                                                   |                4 |             14 |
|  clk_IBUF_BUFG | oled_keypad_inst/expression_buffer[6][7]_i_1_n_0                    |                                                                   |                4 |             14 |
|  clk_IBUF_BUFG | oled_keypad_inst/expression_buffer[5][7]_i_1_n_0                    |                                                                   |                4 |             14 |
|  clk_IBUF_BUFG | oled_keypad_inst/expression_buffer[7][7]_i_1_n_0                    |                                                                   |                4 |             14 |
|  clk_IBUF_BUFG | oled_keypad_inst/expression_buffer[4][7]_i_1_n_0                    |                                                                   |                3 |             14 |
|  clk_IBUF_BUFG | oled_keypad_inst/expression_buffer[9][7]_i_1_n_0                    |                                                                   |                5 |             14 |
|  clk_IBUF_BUFG | oled_keypad_inst/expression_buffer[8][7]_i_1_n_0                    |                                                                   |                4 |             14 |
|  clk_IBUF_BUFG | oled_keypad_inst/expression_buffer[29][7]_i_1_n_0                   |                                                                   |                5 |             14 |
|  clk_IBUF_BUFG | oled_keypad_inst/expression_buffer[13][7]_i_1_n_0                   |                                                                   |                4 |             14 |
|  clk_IBUF_BUFG | oled_keypad_inst/expression_buffer[11][7]_i_1_n_0                   |                                                                   |                5 |             14 |
|  clk_IBUF_BUFG | oled_keypad_inst/expression_buffer[10][7]_i_1_n_0                   |                                                                   |                4 |             14 |
|  clk_IBUF_BUFG | oled_keypad_inst/expression_buffer[12][7]_i_1_n_0                   |                                                                   |                3 |             14 |
|  clk_IBUF_BUFG | oled_keypad_inst/expression_buffer[17][7]_i_1_n_0                   |                                                                   |                4 |             14 |
|  clk_IBUF_BUFG | oled_keypad_inst/expression_buffer[15][7]_i_1_n_0                   |                                                                   |                3 |             14 |
|  clk_IBUF_BUFG | oled_keypad_inst/expression_buffer[16][7]_i_1_n_0                   |                                                                   |                5 |             14 |
|  clk_IBUF_BUFG | oled_keypad_inst/expression_buffer[14][7]_i_1_n_0                   |                                                                   |                2 |             14 |
|  clk_IBUF_BUFG | oled_keypad_inst/expression_buffer[18][7]_i_1_n_0                   |                                                                   |                6 |             14 |
|  clk_IBUF_BUFG | oled_keypad_inst/expression_buffer[20][7]_i_1_n_0                   |                                                                   |                4 |             14 |
|  clk_IBUF_BUFG | oled_keypad_inst/expression_buffer[1][7]_i_1_n_0                    |                                                                   |                2 |             14 |
|  clk_IBUF_BUFG | oled_keypad_inst/expression_buffer[19][7]_i_1_n_0                   |                                                                   |                6 |             14 |
|  clk_IBUF_BUFG | oled_keypad_inst/expression_buffer[24][7]_i_1_n_0                   |                                                                   |                5 |             14 |
|  clk_IBUF_BUFG | oled_keypad_inst/expression_buffer[21][7]_i_1_n_0                   |                                                                   |                5 |             14 |
|  clk_IBUF_BUFG | oled_keypad_inst/expression_buffer[23][7]_i_1_n_0                   |                                                                   |                5 |             14 |
|  clk_IBUF_BUFG | oled_keypad_inst/expression_buffer[22][7]_i_1_n_0                   |                                                                   |                3 |             14 |
|  clk_IBUF_BUFG | oled_keypad_inst/expression_buffer[25][7]_i_1_n_0                   |                                                                   |                4 |             14 |
|  clk_IBUF_BUFG | oled_keypad_inst/expression_buffer[27][7]_i_1_n_0                   |                                                                   |                3 |             14 |
|  clk_IBUF_BUFG | oled_keypad_inst/expression_buffer[26][7]_i_1_n_0                   |                                                                   |                3 |             14 |
|  clk_IBUF_BUFG | oled_keypad_inst/expression_buffer[28][7]_i_1_n_0                   |                                                                   |                3 |             14 |
|  clk_IBUF_BUFG | oled_keypad_inst/expression_buffer[2][7]_i_1_n_0                    |                                                                   |                4 |             14 |
|  clk_IBUF_BUFG | oled_keypad_inst/expression_buffer[30][7]_i_1_n_0                   |                                                                   |                3 |             14 |
|  clk_IBUF_BUFG | oled_keypad_inst/expression_buffer[0][7]_i_1_n_0                    |                                                                   |                4 |             14 |
|  clk_IBUF_BUFG | ascii_converter_inst/shared_equation_buffer_reg[72]                 |                                                                   |                2 |             16 |
|  clk_IBUF_BUFG | ascii_converter_inst/shared_equation_buffer_reg[88]                 |                                                                   |                8 |             16 |
|  clk_IBUF_BUFG | ascii_converter_inst/shared_equation_buffer_reg[232]                |                                                                   |                2 |             16 |
|  clk_IBUF_BUFG | ascii_converter_inst/shared_equation_buffer_reg[40]                 |                                                                   |                6 |             16 |
|  clk_IBUF_BUFG | ascii_converter_inst/shared_equation_buffer_reg[48]                 |                                                                   |                4 |             16 |
|  clk_IBUF_BUFG | ascii_converter_inst/shared_equation_buffer_reg[80]                 |                                                                   |                4 |             16 |
|  clk_IBUF_BUFG | ascii_converter_inst/shared_equation_buffer_reg[224]                |                                                                   |                3 |             16 |
|  clk_IBUF_BUFG | ascii_converter_inst/shared_equation_buffer_reg[56]                 |                                                                   |                5 |             16 |
|  clk_IBUF_BUFG |                                                                     | oled_keypad_inst/s2_char_code[7]_i_1_n_0                          |                6 |             16 |
|  clk_IBUF_BUFG | ascii_converter_inst/shared_equation_buffer_reg[8]                  |                                                                   |                3 |             16 |
|  clk_IBUF_BUFG | ascii_converter_inst/shared_equation_buffer_reg[32]                 |                                                                   |                4 |             16 |
|  clk_IBUF_BUFG | ascii_converter_inst/shared_equation_buffer_reg[64]                 |                                                                   |                4 |             16 |
|  clk_IBUF_BUFG | ascii_converter_inst/shared_equation_buffer_reg[96]                 |                                                                   |                3 |             16 |
|  clk_IBUF_BUFG | ascii_converter_inst/shared_equation_buffer_reg[104]                |                                                                   |                2 |             16 |
|  clk_IBUF_BUFG | ascii_converter_inst/shared_equation_buffer_reg[120]                |                                                                   |                3 |             16 |
|  clk_IBUF_BUFG | ascii_converter_inst/shared_equation_buffer_reg[128]                |                                                                   |                1 |             16 |
|  clk_IBUF_BUFG | ascii_converter_inst/shared_equation_buffer_reg[0]                  |                                                                   |                4 |             16 |
|  clk_IBUF_BUFG | ascii_converter_inst/shared_equation_buffer_reg[112]                |                                                                   |                2 |             16 |
|  clk_IBUF_BUFG | ascii_converter_inst/shared_equation_buffer_reg[16]                 |                                                                   |                4 |             16 |
|  clk_IBUF_BUFG | ascii_converter_inst/shared_equation_buffer_reg[136]                |                                                                   |                4 |             16 |
|  clk_IBUF_BUFG | ascii_converter_inst/shared_equation_buffer_reg[192]                |                                                                   |                7 |             16 |
|  clk_IBUF_BUFG | ascii_converter_inst/shared_equation_buffer_reg[144]                |                                                                   |                3 |             16 |
|  clk_IBUF_BUFG | ascii_converter_inst/shared_equation_buffer_reg[168]                |                                                                   |                5 |             16 |
|  clk_IBUF_BUFG | ascii_converter_inst/shared_equation_buffer_reg[216]                |                                                                   |                4 |             16 |
|  clk_IBUF_BUFG | ascii_converter_inst/shared_equation_buffer_reg[176]                |                                                                   |                4 |             16 |
|  clk_IBUF_BUFG | ascii_converter_inst/shared_equation_buffer_reg[160]                |                                                                   |                4 |             16 |
|  clk_IBUF_BUFG | oled_keypad_inst/led_OBUF[5]                                        | oled_keypad_inst/SS[0]                                            |                1 |             16 |
|  clk_IBUF_BUFG | ascii_converter_inst/shared_equation_buffer_reg[24]                 |                                                                   |                2 |             16 |
|  clk_IBUF_BUFG | ascii_converter_inst/shared_equation_buffer_reg[208]                |                                                                   |                4 |             16 |
|  clk_IBUF_BUFG | ascii_converter_inst/shared_equation_buffer_reg[152]                |                                                                   |                2 |             16 |
|  clk_IBUF_BUFG | ascii_converter_inst/shared_equation_buffer_reg[200]                |                                                                   |                4 |             16 |
|  clk_IBUF_BUFG | ascii_converter_inst/shared_equation_buffer_reg[240]                |                                                                   |                4 |             16 |
|  clk_IBUF_BUFG | ascii_converter_inst/shared_equation_buffer_reg[184]                |                                                                   |                5 |             16 |
|  clk_IBUF_BUFG | display_handler_inst/vga_sync_unit/v_count_reg0                     | oled_keypad_inst/SS[0]                                            |                5 |             20 |
|  clk_IBUF_BUFG | oled_keypad_inst/expression_length[4]_i_1_n_0                       | oled_keypad_inst/SS[0]                                            |                8 |             20 |
|  clk_IBUF_BUFG | oled_keypad_inst/key_code[4]_i_1_n_0                                | oled_keypad_inst/SS[0]                                            |                2 |             20 |
|  clk_IBUF_BUFG | display_handler_inst/vga_sync_unit/E[0]                             | oled_keypad_inst/SS[0]                                            |                7 |             32 |
| ~clk6p25m      |                                                                     | display_handler_inst/oled_display_inst/frame_counter[16]_i_1_n_0  |                5 |             34 |
| ~clk6p25m      | display_handler_inst/oled_display_inst/delay[0]_i_1_n_0             |                                                                   |                5 |             40 |
|  clk_IBUF_BUFG | button_debouncer_array_inst/debouncer_inst_0/count                  | button_debouncer_array_inst/debouncer_inst_0/btn_out0             |                6 |             46 |
|  clk_IBUF_BUFG | button_debouncer_array_inst/debouncer_inst_1/count                  | button_debouncer_array_inst/debouncer_inst_1/btn_out0             |                6 |             46 |
|  clk_IBUF_BUFG | button_debouncer_array_inst/debouncer_inst_2/count                  | button_debouncer_array_inst/debouncer_inst_2/btn_out0             |                6 |             46 |
|  clk_IBUF_BUFG | button_debouncer_array_inst/debouncer_inst_3/count                  | button_debouncer_array_inst/debouncer_inst_3/btn_out0             |                6 |             46 |
|  clk_IBUF_BUFG | button_debouncer_array_inst/debouncer_inst_4/count                  | button_debouncer_array_inst/debouncer_inst_4/btn_out0             |                6 |             46 |
|  clk_IBUF_BUFG | welcome_mode_module_inst/welcome_drawer_vga_inst/vga_x_d[9]_i_1_n_0 |                                                                   |                7 |             48 |
|  clk_IBUF_BUFG |                                                                     | oled_keypad_inst/blink_counter[0]_i_1_n_0                         |                7 |             52 |
|  clk_IBUF_BUFG |                                                                     | calc_mode_module_inst/blink_counter[0]_i_1__0_n_0                 |                7 |             52 |
| ~clk6p25m      | display_handler_inst/oled_display_inst/state                        |                                                                   |                9 |             64 |
|  clk_IBUF_BUFG |                                                                     | display_handler_inst/clk_6p25m/clear                              |                8 |             64 |
| ~clk6p25m      |                                                                     | display_handler_inst/oled_display_inst/spi_word[39]_i_1_n_0       |               19 |             90 |
|  clk_IBUF_BUFG |                                                                     | oled_keypad_inst/SS[0]                                            |               20 |            104 |
|  clk_IBUF_BUFG |                                                                     |                                                                   |               45 |            170 |
+----------------+---------------------------------------------------------------------+-------------------------------------------------------------------+------------------+----------------+


